<?xml version="1.0" encoding="UTF-8"?>
<coverage generated="1494177159282" clover="3.2.0">
  <project timestamp="1494177159282" name="All files">
    <metrics statements="14" coveredstatements="12" conditionals="0" coveredconditionals="0" methods="7" coveredmethods="6" elements="21" coveredelements="18" complexity="0" loc="14" ncloc="14" packages="1" files="3" classes="3">
      <file name="Search.js" path="E:\Learn\React\complete-intro-to-react\js\Search.js">
        <metrics statements="7" coveredstatements="7" conditionals="0" coveredconditionals="0" methods="5" coveredmethods="5"/>
        <line num="10" count="4" type="stmt"/>
        <line num="12" count="4" type="stmt"/>
        <line num="16" count="4" type="stmt"/>
        <line num="20" count="1" type="stmt"/>
        <line num="26" count="5" type="stmt"/>
        <line num="34" count="105" type="stmt"/>
        <line num="35" count="86" type="stmt"/>
      </file>
      <file name="SearchInput.js" path="E:\Learn\React\complete-intro-to-react\js\SearchInput.js">
        <metrics statements="4" coveredstatements="4" conditionals="0" coveredconditionals="0" methods="1" coveredmethods="1"/>
        <line num="3" count="1" type="stmt"/>
        <line num="4" count="1" type="stmt"/>
        <line num="7" count="1" type="stmt"/>
        <line num="9" count="1" type="stmt"/>
      </file>
      <file name="ShowCard.js" path="E:\Learn\React\complete-intro-to-react\js\ShowCard.js">
        <metrics statements="3" coveredstatements="1" conditionals="0" coveredconditionals="0" methods="1" coveredmethods="0"/>
        <line num="5" count="0" type="stmt"/>
        <line num="7" count="0" type="stmt"/>
        <line num="20" count="1" type="stmt"/>
      </file>
    </metrics>
  </project>
</coverage>
