{"E:\\Learn\\React\\complete-intro-to-react\\js\\Search.js": {"path":"E:\\Learn\\React\\complete-intro-to-react\\js\\Search.js","statementMap":{"0":{"start":{"line":10,"column":4},"end":{"line":10,"column":11}},"1":{"start":{"line":12,"column":4},"end":{"line":14,"column":5}},"2":{"start":{"line":16,"column":4},"end":{"line":16,"column":72}},"3":{"start":{"line":20,"column":4},"end":{"line":22,"column":6}},"4":{"start":{"line":26,"column":4},"end":{"line":38,"column":5}},"5":{"start":{"line":34,"column":34},"end":{"line":34,"column":135}},"6":{"start":{"line":35,"column":31},"end":{"line":35,"column":135}}},"fnMap":{"0":{"name":"(anonymous_0)","decl":{"start":{"line":9,"column":2},"end":{"line":9,"column":3}},"loc":{"start":{"line":9,"column":17},"end":{"line":17,"column":3}}},"1":{"name":"(anonymous_1)","decl":{"start":{"line":19,"column":2},"end":{"line":19,"column":3}},"loc":{"start":{"line":19,"column":33},"end":{"line":23,"column":3}}},"2":{"name":"(anonymous_2)","decl":{"start":{"line":25,"column":2},"end":{"line":25,"column":3}},"loc":{"start":{"line":25,"column":12},"end":{"line":39,"column":3}}},"3":{"name":"(anonymous_3)","decl":{"start":{"line":34,"column":26},"end":{"line":34,"column":27}},"loc":{"start":{"line":34,"column":34},"end":{"line":34,"column":135}}},"4":{"name":"(anonymous_4)","decl":{"start":{"line":35,"column":23},"end":{"line":35,"column":24}},"loc":{"start":{"line":35,"column":31},"end":{"line":35,"column":135}}}},"branchMap":{},"s":{"0":4,"1":4,"2":4,"3":1,"4":5,"5":105,"6":86},"f":{"0":4,"1":1,"2":5,"3":105,"4":86},"b":{},"_coverageSchema":"332fd63041d2c1bcb487cc26dd0d5f7d97098a6c","hash":"669747502089242cdf20e403ea9e996c6fe2ce0b"}
,"E:\\Learn\\React\\complete-intro-to-react\\js\\SearchInput.js": {"path":"E:\\Learn\\React\\complete-intro-to-react\\js\\SearchInput.js","statementMap":{"0":{"start":{"line":3,"column":20},"end":{"line":5,"column":1}},"1":{"start":{"line":4,"column":2},"end":{"line":4,"column":106}},"2":{"start":{"line":7,"column":0},"end":{"line":7,"column":39}},"3":{"start":{"line":9,"column":0},"end":{"line":12,"column":1}}},"fnMap":{"0":{"name":"(anonymous_0)","decl":{"start":{"line":3,"column":20},"end":{"line":3,"column":21}},"loc":{"start":{"line":4,"column":2},"end":{"line":4,"column":106}}}},"branchMap":{},"s":{"0":1,"1":1,"2":1,"3":1},"f":{"0":1},"b":{},"_coverageSchema":"332fd63041d2c1bcb487cc26dd0d5f7d97098a6c","hash":"9a5bdcd0e796f0ee70c85018bddfbe2296e5093a"}
,"E:\\Learn\\React\\complete-intro-to-react\\js\\ShowCard.js": {"path":"E:\\Learn\\React\\complete-intro-to-react\\js\\ShowCard.js","statementMap":{"0":{"start":{"line":5,"column":49},"end":{"line":5,"column":59}},"1":{"start":{"line":7,"column":4},"end":{"line":16,"column":5}},"2":{"start":{"line":20,"column":0},"end":{"line":25,"column":1}}},"fnMap":{"0":{"name":"(anonymous_0)","decl":{"start":{"line":4,"column":2},"end":{"line":4,"column":3}},"loc":{"start":{"line":4,"column":12},"end":{"line":17,"column":3}}}},"branchMap":{},"s":{"0":0,"1":0,"2":1},"f":{"0":0},"b":{},"_coverageSchema":"332fd63041d2c1bcb487cc26dd0d5f7d97098a6c","hash":"b2ccd9959c90d076589c2c82f601af2d3f858a37"}
}
