TN:
SF:E:\Learn\React\complete-intro-to-react\js\Search.js
FN:9,(anonymous_0)
FN:19,(anonymous_1)
FN:25,(anonymous_2)
FN:34,(anonymous_3)
FN:35,(anonymous_4)
FNF:5
FNH:5
FNDA:4,(anonymous_0)
FNDA:1,(anonymous_1)
FNDA:5,(anonymous_2)
FNDA:105,(anonymous_3)
FNDA:86,(anonymous_4)
DA:10,4
DA:12,4
DA:16,4
DA:20,1
DA:26,5
DA:34,105
DA:35,86
LF:7
LH:7
BRF:0
BRH:0
end_of_record
TN:
SF:E:\Learn\React\complete-intro-to-react\js\SearchInput.js
FN:3,(anonymous_0)
FNF:1
FNH:1
FNDA:1,(anonymous_0)
DA:3,1
DA:4,1
DA:7,1
DA:9,1
LF:4
LH:4
BRF:0
BRH:0
end_of_record
TN:
SF:E:\Learn\React\complete-intro-to-react\js\ShowCard.js
FN:4,(anonymous_0)
FNF:1
FNH:0
FNDA:0,(anonymous_0)
DA:5,0
DA:7,0
DA:20,1
LF:3
LH:1
BRF:0
BRH:0
end_of_record
